<?xml version="1.0" encoding="UTF-8"?>
<!-- Generated by org.testng.reporters.JUnitReportReporter -->
<testsuite hostname="Shiva-2604" failures="0" tests="1" name="com.Testcases.TC_LoginTest_001" time="13.920" errors="0" timestamp="2024-03-26T17:03:56 IST" skipped="0">
  <testcase classname="com.Testcases.TC_LoginTest_001" name="logintest" time="13.920"/>
  <system-out/>
</testsuite> <!-- com.Testcases.TC_LoginTest_001 -->
